<!DOCTYPE html PUBLIC "-//W3C//DTD XHTML 1.1//EN" "http://www.w3.org/TR/xhtml11/DTD/xhtml11.dtd">
<html xmlns="http://www.w3.org/1999/xhtml"><head><title>TestNG Report</title><style type="text/css">table {margin-bottom:10px;border-collapse:collapse;empty-cells:show}th,td {border:1px solid #009;padding:.25em .5em}th {vertical-align:bottom}td {vertical-align:top}table a {font-weight:bold}.stripe td {background-color: #E6EBF9}.num {text-align:right}.passedodd td {background-color: #3F3}.passedeven td {background-color: #0A0}.skippedodd td {background-color: #DDD}.skippedeven td {background-color: #CCC}.failedodd td,.attn {background-color: #F33}.failedeven td,.stripe .attn {background-color: #D00}.stacktrace {white-space:pre;font-family:monospace}.totop {font-size:85%;text-align:center;border-bottom:2px solid #000}</style></head><body><table><tr><th>Test</th><th># Passed</th><th># Skipped</th><th># Failed</th><th>Time (ms)</th><th>Included Groups</th><th>Excluded Groups</th></tr><tr><th colspan="7">Default suite</th></tr><tr><td><a href="#t0">Default test</a></td><td class="num">0</td><td class="num attn">10</td><td class="num">0</td><td class="num">309,843</td><td></td><td></td></tr></table><table><thead><tr><th>Class</th><th>Method</th><th>Start</th><th>Time (ms)</th></tr></thead><tbody><tr><th colspan="4">Default suite</th></tr></tbody><tbody id="t0"><tr><th colspan="4">Default test &#8212; failed (configuration methods)</th></tr><tr class="failedeven"><td rowspan="2">com.kony.adminConsole.tests.LoginModule</td><td><a href="#m0">afterSuite</a></td><td rowspan="1">1525343875733</td><td rowspan="1">0</td></tr><tr class="failedeven"><td><a href="#m1">beforeClass</a></td><td rowspan="1">1525343565859</td><td rowspan="1">0</td></tr><tr><th colspan="4">Default test &#8212; skipped (configuration methods)</th></tr><tr class="skippedeven"><td rowspan="10">com.kony.adminConsole.tests.LoginModule</td><td><a href="#m2">setupBeforeTest</a></td><td rowspan="10">1525343875607</td><td rowspan="10">0</td></tr><tr class="skippedeven"><td><a href="#m3">setupBeforeTest</a></td></tr><tr class="skippedeven"><td><a href="#m4">setupBeforeTest</a></td></tr><tr class="skippedeven"><td><a href="#m5">setupBeforeTest</a></td></tr><tr class="skippedeven"><td><a href="#m6">setupBeforeTest</a></td></tr><tr class="skippedeven"><td><a href="#m7">setupBeforeTest</a></td></tr><tr class="skippedeven"><td><a href="#m8">setupBeforeTest</a></td></tr><tr class="skippedeven"><td><a href="#m9">setupBeforeTest</a></td></tr><tr class="skippedeven"><td><a href="#m10">setupBeforeTest</a></td></tr><tr class="skippedeven"><td><a href="#m11">setupBeforeTest</a></td></tr><tr><th colspan="4">Default test &#8212; skipped</th></tr><tr class="skippedeven"><td rowspan="10">com.kony.adminConsole.tests.LoginModule</td><td><a href="#m12">LoginWithEmptyFields</a></td><td rowspan="1">1525343866187</td><td rowspan="1">0</td></tr><tr class="skippedeven"><td><a href="#m13">LoginWithEmptyPwdField</a></td><td rowspan="1">1525343866219</td><td rowspan="1">0</td></tr><tr class="skippedeven"><td><a href="#m14">LoginWithWrongPassword</a></td><td rowspan="1">1525343866219</td><td rowspan="1">15</td></tr><tr class="skippedeven"><td><a href="#m15">login</a></td><td rowspan="1">1525343866265</td><td rowspan="1">0</td></tr><tr class="skippedeven"><td><a href="#m16">rememberMeDisabled</a></td><td rowspan="1">1525343866281</td><td rowspan="1">0</td></tr><tr class="skippedeven"><td><a href="#m17">rememberMeEnabled</a></td><td rowspan="1">1525343866281</td><td rowspan="1">0</td></tr><tr class="skippedeven"><td><a href="#m18">resetPasswordAfterLogin</a></td><td rowspan="1">1525343866297</td><td rowspan="1">0</td></tr><tr class="skippedeven"><td><a href="#m19">resetPasswordForAExpiredUser</a></td><td rowspan="1">1525343875608</td><td rowspan="1">0</td></tr><tr class="skippedeven"><td><a href="#m20">sessionExpiry</a></td><td rowspan="1">1525343875623</td><td rowspan="1">0</td></tr><tr class="skippedeven"><td><a href="#m21">suspendAUser</a></td><td rowspan="1">1525343875639</td><td rowspan="1">0</td></tr></tbody></table><h2>Default test</h2><h3 id="m0">com.kony.adminConsole.tests.LoginModule#afterSuite</h3><table class="result"><tr><th>Exception</th></tr><tr><td><div class="stacktrace">java.lang.Exception: Driver.getInstance() is called before calling Driver.init()
	at org.kony.qa.stargate.wrappers.appy.StargateException.&lt;init&gt;(StargateException.java:13)
	at org.kony.qa.stargate.wrappers.appy.Driver.getInstance(Driver.java:300)
	at org.kony.qa.stargate.wrappers.appy.Driver.getInstance(Driver.java:281)
	at test.common.AppBaseTest.afterSuite(AppBaseTest.java:327)
	at sun.reflect.NativeMethodAccessorImpl.invoke0(Native Method)
	at sun.reflect.NativeMethodAccessorImpl.invoke(Unknown Source)
	at sun.reflect.DelegatingMethodAccessorImpl.invoke(Unknown Source)
	at java.lang.reflect.Method.invoke(Unknown Source)
	at org.testng.internal.MethodInvocationHelper.invokeMethod(MethodInvocationHelper.java:100)
	at org.testng.internal.Invoker.invokeConfigurationMethod(Invoker.java:515)
	at org.testng.internal.Invoker.invokeConfigurations(Invoker.java:216)
	at org.testng.internal.Invoker.invokeConfigurations(Invoker.java:143)
	at org.testng.SuiteRunner.privateRun(SuiteRunner.java:336)
	at org.testng.SuiteRunner.run(SuiteRunner.java:268)
	at org.testng.SuiteRunnerWorker.runSuite(SuiteRunnerWorker.java:52)
	at org.testng.SuiteRunnerWorker.run(SuiteRunnerWorker.java:86)
	at org.testng.TestNG.runSuitesSequentially(TestNG.java:1264)
	at org.testng.TestNG.runSuitesLocally(TestNG.java:1189)
	at org.testng.TestNG.runSuites(TestNG.java:1104)
	at org.testng.TestNG.run(TestNG.java:1076)
	at org.testng.remote.AbstractRemoteTestNG.run(AbstractRemoteTestNG.java:114)
	at org.testng.remote.RemoteTestNG.initAndRun(RemoteTestNG.java:251)
	at org.testng.remote.RemoteTestNG.main(RemoteTestNG.java:77)
</div></td></tr></table><p class="totop"><a href="#summary">back to summary</a></p><h3 id="m1">com.kony.adminConsole.tests.LoginModule#beforeClass</h3><table class="result"><tr><th>Exception</th></tr><tr><td><div class="stacktrace">org.openqa.selenium.TimeoutException: Timed out after 50 seconds waiting for org.kony.qa.stargate.wrappers.appy.Driver$1@63611043
Build info: version: &apos;2.52.0&apos;, revision: &apos;4c2593cfc3689a7fcd7be52549167e5ccc93ad28&apos;, time: &apos;2016-02-11 11:22:43&apos;
System info: host: &apos;KH1902_temp&apos;, ip: &apos;10.10.34.157&apos;, os.name: &apos;Windows 10&apos;, os.arch: &apos;amd64&apos;, os.version: &apos;10.0&apos;, java.version: &apos;1.8.0_161&apos;
Driver info: driver.version: Driver
	at org.openqa.selenium.support.ui.FluentWait.timeoutException(FluentWait.java:292)
	at org.openqa.selenium.support.ui.FluentWait.until(FluentWait.java:261)
	at org.kony.qa.stargate.wrappers.appy.Driver.waitForLoad(Driver.java:513)
	at org.kony.qa.stargate.wrappers.appy.Driver.&lt;init&gt;(Driver.java:204)
	at org.kony.qa.stargate.wrappers.appy.Driver.init(Driver.java:242)
	at org.kony.qa.stargate.wrappers.appy.Driver.init(Driver.java:424)
	at test.common.AppBaseTest.startDriver(AppBaseTest.java:385)
	at test.common.AppBaseTest.beforeClass(AppBaseTest.java:119)
	at com.kony.adminConsole.AdminConsoleBaseTest.beforeClass(AdminConsoleBaseTest.java:36)
	at sun.reflect.NativeMethodAccessorImpl.invoke0(Native Method)
	at sun.reflect.NativeMethodAccessorImpl.invoke(Unknown Source)
	at sun.reflect.DelegatingMethodAccessorImpl.invoke(Unknown Source)
	at java.lang.reflect.Method.invoke(Unknown Source)
	at org.testng.internal.MethodInvocationHelper.invokeMethod(MethodInvocationHelper.java:100)
	at org.testng.internal.Invoker.invokeConfigurationMethod(Invoker.java:515)
	at org.testng.internal.Invoker.invokeConfigurations(Invoker.java:216)
	at org.testng.internal.Invoker.invokeConfigurations(Invoker.java:143)
	at org.testng.internal.TestMethodWorker.invokeBeforeClassMethods(TestMethodWorker.java:169)
	at org.testng.internal.TestMethodWorker.run(TestMethodWorker.java:108)
	at org.testng.TestRunner.privateRun(TestRunner.java:746)
	at org.testng.TestRunner.run(TestRunner.java:600)
	at org.testng.SuiteRunner.runTest(SuiteRunner.java:366)
	at org.testng.SuiteRunner.runSequentially(SuiteRunner.java:361)
	at org.testng.SuiteRunner.privateRun(SuiteRunner.java:319)
	at org.testng.SuiteRunner.run(SuiteRunner.java:268)
	at org.testng.SuiteRunnerWorker.runSuite(SuiteRunnerWorker.java:52)
	at org.testng.SuiteRunnerWorker.run(SuiteRunnerWorker.java:86)
	at org.testng.TestNG.runSuitesSequentially(TestNG.java:1264)
	at org.testng.TestNG.runSuitesLocally(TestNG.java:1189)
	at org.testng.TestNG.runSuites(TestNG.java:1104)
	at org.testng.TestNG.run(TestNG.java:1076)
	at org.testng.remote.AbstractRemoteTestNG.run(AbstractRemoteTestNG.java:114)
	at org.testng.remote.RemoteTestNG.initAndRun(RemoteTestNG.java:251)
	at org.testng.remote.RemoteTestNG.main(RemoteTestNG.java:77)
</div></td></tr></table><p class="totop"><a href="#summary">back to summary</a></p><h3 id="m2">com.kony.adminConsole.tests.LoginModule#setupBeforeTest</h3><table class="result"></table><p class="totop"><a href="#summary">back to summary</a></p><h3 id="m3">com.kony.adminConsole.tests.LoginModule#setupBeforeTest</h3><table class="result"></table><p class="totop"><a href="#summary">back to summary</a></p><h3 id="m4">com.kony.adminConsole.tests.LoginModule#setupBeforeTest</h3><table class="result"></table><p class="totop"><a href="#summary">back to summary</a></p><h3 id="m5">com.kony.adminConsole.tests.LoginModule#setupBeforeTest</h3><table class="result"></table><p class="totop"><a href="#summary">back to summary</a></p><h3 id="m6">com.kony.adminConsole.tests.LoginModule#setupBeforeTest</h3><table class="result"></table><p class="totop"><a href="#summary">back to summary</a></p><h3 id="m7">com.kony.adminConsole.tests.LoginModule#setupBeforeTest</h3><table class="result"></table><p class="totop"><a href="#summary">back to summary</a></p><h3 id="m8">com.kony.adminConsole.tests.LoginModule#setupBeforeTest</h3><table class="result"></table><p class="totop"><a href="#summary">back to summary</a></p><h3 id="m9">com.kony.adminConsole.tests.LoginModule#setupBeforeTest</h3><table class="result"></table><p class="totop"><a href="#summary">back to summary</a></p><h3 id="m10">com.kony.adminConsole.tests.LoginModule#setupBeforeTest</h3><table class="result"></table><p class="totop"><a href="#summary">back to summary</a></p><h3 id="m11">com.kony.adminConsole.tests.LoginModule#setupBeforeTest</h3><table class="result"></table><p class="totop"><a href="#summary">back to summary</a></p><h3 id="m12">com.kony.adminConsole.tests.LoginModule#LoginWithEmptyFields</h3><table class="result"></table><p class="totop"><a href="#summary">back to summary</a></p><h3 id="m13">com.kony.adminConsole.tests.LoginModule#LoginWithEmptyPwdField</h3><table class="result"></table><p class="totop"><a href="#summary">back to summary</a></p><h3 id="m14">com.kony.adminConsole.tests.LoginModule#LoginWithWrongPassword</h3><table class="result"></table><p class="totop"><a href="#summary">back to summary</a></p><h3 id="m15">com.kony.adminConsole.tests.LoginModule#login</h3><table class="result"></table><p class="totop"><a href="#summary">back to summary</a></p><h3 id="m16">com.kony.adminConsole.tests.LoginModule#rememberMeDisabled</h3><table class="result"></table><p class="totop"><a href="#summary">back to summary</a></p><h3 id="m17">com.kony.adminConsole.tests.LoginModule#rememberMeEnabled</h3><table class="result"></table><p class="totop"><a href="#summary">back to summary</a></p><h3 id="m18">com.kony.adminConsole.tests.LoginModule#resetPasswordAfterLogin</h3><table class="result"></table><p class="totop"><a href="#summary">back to summary</a></p><h3 id="m19">com.kony.adminConsole.tests.LoginModule#resetPasswordForAExpiredUser</h3><table class="result"></table><p class="totop"><a href="#summary">back to summary</a></p><h3 id="m20">com.kony.adminConsole.tests.LoginModule#sessionExpiry</h3><table class="result"></table><p class="totop"><a href="#summary">back to summary</a></p><h3 id="m21">com.kony.adminConsole.tests.LoginModule#suspendAUser</h3><table class="result"></table><p class="totop"><a href="#summary">back to summary</a></p></body></html>