<?xml version="1.0" encoding="UTF-8"?>
<!-- Generated by org.testng.reporters.JUnitXMLReporter -->
<testsuite hostname="KH1902_temp" name="AdminConsole_Smoke_Web" tests="3" failures="0" timestamp="19 Apr 2018 10:07:54 GMT" time="59.018" errors="0">
  <testcase name="@BeforeClass beforeClass" time="0.0" classname="com.kony.adminConsole.tests.LoginModule">
    <failure type="org.openqa.selenium.TimeoutException" message="Timed out after 50 seconds waiting for org.kony.qa.stargate.wrappers.appy.Driver$1@4ebff610
Build info: version: &amp;apos;2.52.0&amp;apos;, revision: &amp;apos;4c2593cfc3689a7fcd7be52549167e5ccc93ad28&amp;apos;, time: &amp;apos;2016-02-11 11:22:43&amp;apos;
System info: host: &amp;apos;KH1902_temp&amp;apos;, ip: &amp;apos;10.10.34.146&amp;apos;, os.name: &amp;apos;Windows 10&amp;apos;, os.arch: &amp;apos;amd64&amp;apos;, os.version: &amp;apos;10.0&amp;apos;, java.version: &amp;apos;1.8.0_161&amp;apos;
Driver info: driver.version: Driver">
      <![CDATA[org.openqa.selenium.TimeoutException: Timed out after 50 seconds waiting for org.kony.qa.stargate.wrappers.appy.Driver$1@4ebff610
Build info: version: '2.52.0', revision: '4c2593cfc3689a7fcd7be52549167e5ccc93ad28', time: '2016-02-11 11:22:43'
System info: host: 'KH1902_temp', ip: '10.10.34.146', os.name: 'Windows 10', os.arch: 'amd64', os.version: '10.0', java.version: '1.8.0_161'
Driver info: driver.version: Driver
	at org.openqa.selenium.support.ui.FluentWait.timeoutException(FluentWait.java:292)
	at org.openqa.selenium.support.ui.FluentWait.until(FluentWait.java:261)
	at org.kony.qa.stargate.wrappers.appy.Driver.waitForLoad(Driver.java:513)
	at org.kony.qa.stargate.wrappers.appy.Driver.<init>(Driver.java:204)
	at org.kony.qa.stargate.wrappers.appy.Driver.init(Driver.java:242)
	at org.kony.qa.stargate.wrappers.appy.Driver.init(Driver.java:424)
	at test.common.AppBaseTest.startDriver(AppBaseTest.java:385)
	at test.common.AppBaseTest.beforeClass(AppBaseTest.java:119)
	at com.kony.adminConsole.AdminConsoleBaseTest.beforeClass(AdminConsoleBaseTest.java:36)
... Removed 25 stack frames]]>
    </failure>
  </testcase> <!-- @BeforeClass beforeClass -->
  <testcase name="@BeforeMethod setupBeforeTest" time="0.0" classname="com.kony.adminConsole.tests.LoginModule">
    <skipped/>
  </testcase> <!-- @BeforeMethod setupBeforeTest -->
  <testcase name="@BeforeMethod setupBeforeTest" time="0.0" classname="com.kony.adminConsole.tests.LoginModule">
    <skipped/>
  </testcase> <!-- @BeforeMethod setupBeforeTest -->
  <testcase name="@BeforeMethod setupBeforeTest" time="0.0" classname="com.kony.adminConsole.tests.LoginModule">
    <skipped/>
  </testcase> <!-- @BeforeMethod setupBeforeTest -->
  <testcase name="LoginWithEmptyFields" time="0.004" classname="com.kony.adminConsole.tests.LoginModule">
    <skipped/>
  </testcase> <!-- LoginWithEmptyFields -->
  <testcase name="LoginWithEmptyPwdField" time="0.003" classname="com.kony.adminConsole.tests.LoginModule">
    <skipped/>
  </testcase> <!-- LoginWithEmptyPwdField -->
  <testcase name="LoginWithWrongPassword" time="0.005" classname="com.kony.adminConsole.tests.LoginModule">
    <skipped/>
  </testcase> <!-- LoginWithWrongPassword -->
</testsuite> <!-- AdminConsole_Smoke_Web -->
