<?xml version="1.0" encoding="UTF-8"?>
<!-- Generated by org.testng.reporters.JUnitXMLReporter -->
<testsuite hostname="KH1902_temp" name="Default test" tests="10" failures="0" timestamp="3 May 2018 10:37:55 GMT" time="309.843" errors="0">
  <testcase name="@BeforeClass beforeClass" time="0.0" classname="com.kony.adminConsole.tests.LoginModule">
    <failure type="org.openqa.selenium.TimeoutException" message="Timed out after 50 seconds waiting for org.kony.qa.stargate.wrappers.appy.Driver$1@63611043
Build info: version: &amp;apos;2.52.0&amp;apos;, revision: &amp;apos;4c2593cfc3689a7fcd7be52549167e5ccc93ad28&amp;apos;, time: &amp;apos;2016-02-11 11:22:43&amp;apos;
System info: host: &amp;apos;KH1902_temp&amp;apos;, ip: &amp;apos;10.10.34.157&amp;apos;, os.name: &amp;apos;Windows 10&amp;apos;, os.arch: &amp;apos;amd64&amp;apos;, os.version: &amp;apos;10.0&amp;apos;, java.version: &amp;apos;1.8.0_161&amp;apos;
Driver info: driver.version: Driver">
      <![CDATA[org.openqa.selenium.TimeoutException: Timed out after 50 seconds waiting for org.kony.qa.stargate.wrappers.appy.Driver$1@63611043
Build info: version: '2.52.0', revision: '4c2593cfc3689a7fcd7be52549167e5ccc93ad28', time: '2016-02-11 11:22:43'
System info: host: 'KH1902_temp', ip: '10.10.34.157', os.name: 'Windows 10', os.arch: 'amd64', os.version: '10.0', java.version: '1.8.0_161'
Driver info: driver.version: Driver
	at org.openqa.selenium.support.ui.FluentWait.timeoutException(FluentWait.java:292)
	at org.openqa.selenium.support.ui.FluentWait.until(FluentWait.java:261)
	at org.kony.qa.stargate.wrappers.appy.Driver.waitForLoad(Driver.java:513)
	at org.kony.qa.stargate.wrappers.appy.Driver.<init>(Driver.java:204)
	at org.kony.qa.stargate.wrappers.appy.Driver.init(Driver.java:242)
	at org.kony.qa.stargate.wrappers.appy.Driver.init(Driver.java:424)
	at test.common.AppBaseTest.startDriver(AppBaseTest.java:385)
	at test.common.AppBaseTest.beforeClass(AppBaseTest.java:119)
	at com.kony.adminConsole.AdminConsoleBaseTest.beforeClass(AdminConsoleBaseTest.java:36)
	at sun.reflect.NativeMethodAccessorImpl.invoke0(Native Method)
	at sun.reflect.NativeMethodAccessorImpl.invoke(Unknown Source)
	at sun.reflect.DelegatingMethodAccessorImpl.invoke(Unknown Source)
	at java.lang.reflect.Method.invoke(Unknown Source)
	at org.testng.internal.MethodInvocationHelper.invokeMethod(MethodInvocationHelper.java:100)
	at org.testng.internal.Invoker.invokeConfigurationMethod(Invoker.java:515)
	at org.testng.internal.Invoker.invokeConfigurations(Invoker.java:216)
	at org.testng.internal.Invoker.invokeConfigurations(Invoker.java:143)
	at org.testng.internal.TestMethodWorker.invokeBeforeClassMethods(TestMethodWorker.java:169)
	at org.testng.internal.TestMethodWorker.run(TestMethodWorker.java:108)
	at org.testng.TestRunner.privateRun(TestRunner.java:746)
	at org.testng.TestRunner.run(TestRunner.java:600)
	at org.testng.SuiteRunner.runTest(SuiteRunner.java:366)
	at org.testng.SuiteRunner.runSequentially(SuiteRunner.java:361)
	at org.testng.SuiteRunner.privateRun(SuiteRunner.java:319)
	at org.testng.SuiteRunner.run(SuiteRunner.java:268)
	at org.testng.SuiteRunnerWorker.runSuite(SuiteRunnerWorker.java:52)
	at org.testng.SuiteRunnerWorker.run(SuiteRunnerWorker.java:86)
	at org.testng.TestNG.runSuitesSequentially(TestNG.java:1264)
	at org.testng.TestNG.runSuitesLocally(TestNG.java:1189)
	at org.testng.TestNG.runSuites(TestNG.java:1104)
	at org.testng.TestNG.run(TestNG.java:1076)
	at org.testng.remote.AbstractRemoteTestNG.run(AbstractRemoteTestNG.java:114)
	at org.testng.remote.RemoteTestNG.initAndRun(RemoteTestNG.java:251)
	at org.testng.remote.RemoteTestNG.main(RemoteTestNG.java:77)
]]>
    </failure>
  </testcase> <!-- @BeforeClass beforeClass -->
  <testcase name="@BeforeMethod setupBeforeTest" time="0.0" classname="com.kony.adminConsole.tests.LoginModule">
    <skipped/>
  </testcase> <!-- @BeforeMethod setupBeforeTest -->
  <testcase name="@BeforeMethod setupBeforeTest" time="0.0" classname="com.kony.adminConsole.tests.LoginModule">
    <skipped/>
  </testcase> <!-- @BeforeMethod setupBeforeTest -->
  <testcase name="@BeforeMethod setupBeforeTest" time="0.0" classname="com.kony.adminConsole.tests.LoginModule">
    <skipped/>
  </testcase> <!-- @BeforeMethod setupBeforeTest -->
  <testcase name="@BeforeMethod setupBeforeTest" time="0.0" classname="com.kony.adminConsole.tests.LoginModule">
    <skipped/>
  </testcase> <!-- @BeforeMethod setupBeforeTest -->
  <testcase name="@BeforeMethod setupBeforeTest" time="0.0" classname="com.kony.adminConsole.tests.LoginModule">
    <skipped/>
  </testcase> <!-- @BeforeMethod setupBeforeTest -->
  <testcase name="@BeforeMethod setupBeforeTest" time="0.0" classname="com.kony.adminConsole.tests.LoginModule">
    <skipped/>
  </testcase> <!-- @BeforeMethod setupBeforeTest -->
  <testcase name="@BeforeMethod setupBeforeTest" time="0.0" classname="com.kony.adminConsole.tests.LoginModule">
    <skipped/>
  </testcase> <!-- @BeforeMethod setupBeforeTest -->
  <testcase name="@BeforeMethod setupBeforeTest" time="0.0" classname="com.kony.adminConsole.tests.LoginModule">
    <skipped/>
  </testcase> <!-- @BeforeMethod setupBeforeTest -->
  <testcase name="@BeforeMethod setupBeforeTest" time="0.0" classname="com.kony.adminConsole.tests.LoginModule">
    <skipped/>
  </testcase> <!-- @BeforeMethod setupBeforeTest -->
  <testcase name="@BeforeMethod setupBeforeTest" time="0.0" classname="com.kony.adminConsole.tests.LoginModule">
    <skipped/>
  </testcase> <!-- @BeforeMethod setupBeforeTest -->
  <testcase name="LoginWithEmptyFields" time="0.0" classname="com.kony.adminConsole.tests.LoginModule">
    <skipped/>
  </testcase> <!-- LoginWithEmptyFields -->
  <testcase name="LoginWithEmptyPwdField" time="0.0" classname="com.kony.adminConsole.tests.LoginModule">
    <skipped/>
  </testcase> <!-- LoginWithEmptyPwdField -->
  <testcase name="LoginWithWrongPassword" time="0.015" classname="com.kony.adminConsole.tests.LoginModule">
    <skipped/>
  </testcase> <!-- LoginWithWrongPassword -->
  <testcase name="login" time="0.0" classname="com.kony.adminConsole.tests.LoginModule">
    <skipped/>
  </testcase> <!-- login -->
  <testcase name="rememberMeDisabled" time="0.0" classname="com.kony.adminConsole.tests.LoginModule">
    <skipped/>
  </testcase> <!-- rememberMeDisabled -->
  <testcase name="rememberMeEnabled" time="0.0" classname="com.kony.adminConsole.tests.LoginModule">
    <skipped/>
  </testcase> <!-- rememberMeEnabled -->
  <testcase name="resetPasswordAfterLogin" time="0.0" classname="com.kony.adminConsole.tests.LoginModule">
    <skipped/>
  </testcase> <!-- resetPasswordAfterLogin -->
  <testcase name="resetPasswordForAExpiredUser" time="0.0" classname="com.kony.adminConsole.tests.LoginModule">
    <skipped/>
  </testcase> <!-- resetPasswordForAExpiredUser -->
  <testcase name="sessionExpiry" time="0.0" classname="com.kony.adminConsole.tests.LoginModule">
    <skipped/>
  </testcase> <!-- sessionExpiry -->
  <testcase name="suspendAUser" time="0.0" classname="com.kony.adminConsole.tests.LoginModule">
    <skipped/>
  </testcase> <!-- suspendAUser -->
</testsuite> <!-- Default test -->
