03.May.18 16:07:46.219  INFO   [AppLogger]    AdminConsoleBaseTest**** IN TEST : LoginWithWrongPassword *****                                                            
03.May.18 16:07:46.219  INFO   
----------------------------------------------------------------------

03.May.18 16:07:46.219  INFO   Info Test Method Name = com.kony.adminConsole.tests.LoginModule.LoginWithWrongPassword
03.May.18 16:07:46.219  INFO   
----------------------------------------------------------------------

03.May.18 16:07:46.234  ERROR  [AppLogger]    LoginWithWrongPassword test Skiped
03.May.18 16:07:46.234  ERROR  [AppLogger]    Error occured while taking Screenshot
java.lang.Exception: Driver.getInstance() is called before calling Driver.init()
	at org.kony.qa.stargate.wrappers.appy.StargateException.<init>(StargateException.java:13)
	at org.kony.qa.stargate.wrappers.appy.Driver.getInstance(Driver.java:300)
	at org.kony.qa.stargate.wrappers.appy.Driver.getInstance(Driver.java:281)
	at test.common.AppBaseTest.takeScreenshot(AppBaseTest.java:524)
	at test.common.AppBaseTest.afterMethod(AppBaseTest.java:273)
	at com.kony.adminConsole.AdminConsoleBaseTest.afterMethod(AdminConsoleBaseTest.java:48)
	at sun.reflect.NativeMethodAccessorImpl.invoke0(Native Method)
	at sun.reflect.NativeMethodAccessorImpl.invoke(Unknown Source)
	at sun.reflect.DelegatingMethodAccessorImpl.invoke(Unknown Source)
	at java.lang.reflect.Method.invoke(Unknown Source)
	at org.testng.internal.MethodInvocationHelper.invokeMethod(MethodInvocationHelper.java:100)
	at org.testng.internal.Invoker.invokeConfigurationMethod(Invoker.java:515)
	at org.testng.internal.Invoker.invokeConfigurations(Invoker.java:216)
	at org.testng.internal.Invoker.invokeMethod(Invoker.java:712)
	at org.testng.internal.Invoker.invokeTestMethod(Invoker.java:811)
	at org.testng.internal.Invoker.invokeTestMethods(Invoker.java:1129)
	at org.testng.internal.TestMethodWorker.invokeTestMethods(TestMethodWorker.java:129)
	at org.testng.internal.TestMethodWorker.run(TestMethodWorker.java:112)
	at org.testng.TestRunner.privateRun(TestRunner.java:746)
	at org.testng.TestRunner.run(TestRunner.java:600)
	at org.testng.SuiteRunner.runTest(SuiteRunner.java:366)
	at org.testng.SuiteRunner.runSequentially(SuiteRunner.java:361)
	at org.testng.SuiteRunner.privateRun(SuiteRunner.java:319)
	at org.testng.SuiteRunner.run(SuiteRunner.java:268)
	at org.testng.SuiteRunnerWorker.runSuite(SuiteRunnerWorker.java:52)
	at org.testng.SuiteRunnerWorker.run(SuiteRunnerWorker.java:86)
	at org.testng.TestNG.runSuitesSequentially(TestNG.java:1264)
	at org.testng.TestNG.runSuitesLocally(TestNG.java:1189)
	at org.testng.TestNG.runSuites(TestNG.java:1104)
	at org.testng.TestNG.run(TestNG.java:1076)
	at org.testng.remote.AbstractRemoteTestNG.run(AbstractRemoteTestNG.java:114)
	at org.testng.remote.RemoteTestNG.initAndRun(RemoteTestNG.java:251)
	at org.testng.remote.RemoteTestNG.main(RemoteTestNG.java:77)
03.May.18 16:07:46.234  ERROR  [AppLogger]    Error occured while taking DeviceLog
java.lang.Exception: Driver.getInstance() is called before calling Driver.init()
	at org.kony.qa.stargate.wrappers.appy.StargateException.<init>(StargateException.java:13)
	at org.kony.qa.stargate.wrappers.appy.Driver.getInstance(Driver.java:300)
	at org.kony.qa.stargate.wrappers.appy.Driver.getInstance(Driver.java:281)
	at test.common.AppBaseTest.takeDeviceLog(AppBaseTest.java:548)
	at test.common.AppBaseTest.afterMethod(AppBaseTest.java:274)
	at com.kony.adminConsole.AdminConsoleBaseTest.afterMethod(AdminConsoleBaseTest.java:48)
	at sun.reflect.NativeMethodAccessorImpl.invoke0(Native Method)
	at sun.reflect.NativeMethodAccessorImpl.invoke(Unknown Source)
	at sun.reflect.DelegatingMethodAccessorImpl.invoke(Unknown Source)
	at java.lang.reflect.Method.invoke(Unknown Source)
	at org.testng.internal.MethodInvocationHelper.invokeMethod(MethodInvocationHelper.java:100)
	at org.testng.internal.Invoker.invokeConfigurationMethod(Invoker.java:515)
	at org.testng.internal.Invoker.invokeConfigurations(Invoker.java:216)
	at org.testng.internal.Invoker.invokeMethod(Invoker.java:712)
	at org.testng.internal.Invoker.invokeTestMethod(Invoker.java:811)
	at org.testng.internal.Invoker.invokeTestMethods(Invoker.java:1129)
	at org.testng.internal.TestMethodWorker.invokeTestMethods(TestMethodWorker.java:129)
	at org.testng.internal.TestMethodWorker.run(TestMethodWorker.java:112)
	at org.testng.TestRunner.privateRun(TestRunner.java:746)
	at org.testng.TestRunner.run(TestRunner.java:600)
	at org.testng.SuiteRunner.runTest(SuiteRunner.java:366)
	at org.testng.SuiteRunner.runSequentially(SuiteRunner.java:361)
	at org.testng.SuiteRunner.privateRun(SuiteRunner.java:319)
	at org.testng.SuiteRunner.run(SuiteRunner.java:268)
	at org.testng.SuiteRunnerWorker.runSuite(SuiteRunnerWorker.java:52)
	at org.testng.SuiteRunnerWorker.run(SuiteRunnerWorker.java:86)
	at org.testng.TestNG.runSuitesSequentially(TestNG.java:1264)
	at org.testng.TestNG.runSuitesLocally(TestNG.java:1189)
	at org.testng.TestNG.runSuites(TestNG.java:1104)
	at org.testng.TestNG.run(TestNG.java:1076)
	at org.testng.remote.AbstractRemoteTestNG.run(AbstractRemoteTestNG.java:114)
	at org.testng.remote.RemoteTestNG.initAndRun(RemoteTestNG.java:251)
	at org.testng.remote.RemoteTestNG.main(RemoteTestNG.java:77)
03.May.18 16:07:46.250  INFO   [AppLogger]    AppBaseTest         AppsCommon log captured                                                                   
