<html>
<head>
<title>TestNG:  Default test</title>
<link href="../testng.css" rel="stylesheet" type="text/css" />
<link href="../my-testng.css" rel="stylesheet" type="text/css" />

<style type="text/css">
.log { display: none;} 
.stack-trace { display: none;} 
</style>
<script type="text/javascript">
<!--
function flip(e) {
  current = e.style.display;
  if (current == 'block') {
    e.style.display = 'none';
    return 0;
  }
  else {
    e.style.display = 'block';
    return 1;
  }
}

function toggleBox(szDivId, elem, msg1, msg2)
{
  var res = -1;  if (document.getElementById) {
    res = flip(document.getElementById(szDivId));
  }
  else if (document.all) {
    // this is the way old msie versions work
    res = flip(document.all[szDivId]);
  }
  if(elem) {
    if(res == 0) elem.innerHTML = msg1; else elem.innerHTML = msg2;
  }

}

function toggleAllBoxes() {
  if (document.getElementsByTagName) {
    d = document.getElementsByTagName('div');
    for (i = 0; i < d.length; i++) {
      if (d[i].className == 'log') {
        flip(d[i]);
      }
    }
  }
}

// -->
</script>

</head>
<body>
<h2 align='center'>Default test</h2><table border='1' align="center">
<tr>
<td>Tests passed/Failed/Skipped:</td><td>0/0/10</td>
</tr><tr>
<td>Started on:</td><td>Thu May 03 16:02:45 IST 2018</td>
</tr>
<tr><td>Total time:</td><td>309 seconds (309843 ms)</td>
</tr><tr>
<td>Included groups:</td><td></td>
</tr><tr>
<td>Excluded groups:</td><td></td>
</tr>
</table><p/>
<small><i>(Hover the method name to see the test class name)</i></small><p/>
<table width='100%' border='1' class='invocation-failed'>
<tr><td colspan='4' align='center'><b>FAILED CONFIGURATIONS</b></td></tr>
<tr><td><b>Test method</b></td>
<td width="30%"><b>Exception</b></td>
<td width="10%"><b>Time (seconds)</b></td>
<td><b>Instance</b></td>
</tr>
<tr>
<td title='com.kony.adminConsole.tests.LoginModule.beforeClass()'><b>beforeClass</b><br>Test class: com.kony.adminConsole.tests.LoginModule</td>
<td><div><pre>org.openqa.selenium.TimeoutException: Timed out after 50 seconds waiting for org.kony.qa.stargate.wrappers.appy.Driver$1@63611043
Build info: version: &apos;2.52.0&apos;, revision: &apos;4c2593cfc3689a7fcd7be52549167e5ccc93ad28&apos;, time: &apos;2016-02-11 11:22:43&apos;
System info: host: &apos;KH1902_temp&apos;, ip: &apos;10.10.34.157&apos;, os.name: &apos;Windows 10&apos;, os.arch: &apos;amd64&apos;, os.version: &apos;10.0&apos;, java.version: &apos;1.8.0_161&apos;
Driver info: driver.version: Driver
	at org.openqa.selenium.support.ui.FluentWait.timeoutException(FluentWait.java:292)
	at org.openqa.selenium.support.ui.FluentWait.until(FluentWait.java:261)
	at org.kony.qa.stargate.wrappers.appy.Driver.waitForLoad(Driver.java:513)
	at org.kony.qa.stargate.wrappers.appy.Driver.&lt;init&gt;(Driver.java:204)
	at org.kony.qa.stargate.wrappers.appy.Driver.init(Driver.java:242)
	at org.kony.qa.stargate.wrappers.appy.Driver.init(Driver.java:424)
	at test.common.AppBaseTest.startDriver(AppBaseTest.java:385)
	at test.common.AppBaseTest.beforeClass(AppBaseTest.java:119)
	at com.kony.adminConsole.AdminConsoleBaseTest.beforeClass(AdminConsoleBaseTest.java:36)
	at sun.reflect.NativeMethodAccessorImpl.invoke0(Native Method)
	at sun.reflect.NativeMethodAccessorImpl.invoke(Unknown Source)
	at sun.reflect.DelegatingMethodAccessorImpl.invoke(Unknown Source)
	at java.lang.reflect.Method.invoke(Unknown Source)
	at org.testng.internal.MethodInvocationHelper.invokeMethod(MethodInvocationHelper.java:100)
	at org.testng.internal.Invoker.invokeConfigurationMethod(Invoker.java:515)
	at org.testng.internal.Invoker.invokeConfigurations(Invoker.java:216)
	at org.testng.internal.Invoker.invokeConfigurations(Invoker.java:143)
	at org.testng.internal.TestMethodWorker.invokeBeforeClassMethods(TestMethodWorker.java:169)
	at org.testng.internal.TestMethodWorker.run(TestMethodWorker.java:108)
	at org.testng.TestRunner.privateRun(TestRunner.java:746)
	at org.testng.TestRunner.run(TestRunner.java:600)
	at org.testng.SuiteRunner.runTest(SuiteRunner.java:366)
	at org.testng.SuiteRunner.runSequentially(SuiteRunner.java:361)
	at org.testng.SuiteRunner.privateRun(SuiteRunner.java:319)
	at org.testng.SuiteRunner.run(SuiteRunner.java:268)
	at org.testng.SuiteRunnerWorker.runSuite(SuiteRunnerWorker.java:52)
	at org.testng.SuiteRunnerWorker.run(SuiteRunnerWorker.java:86)
	at org.testng.TestNG.runSuitesSequentially(TestNG.java:1264)
	at org.testng.TestNG.runSuitesLocally(TestNG.java:1189)
	at org.testng.TestNG.runSuites(TestNG.java:1104)
	at org.testng.TestNG.run(TestNG.java:1076)
	at org.testng.remote.AbstractRemoteTestNG.run(AbstractRemoteTestNG.java:114)
	at org.testng.remote.RemoteTestNG.initAndRun(RemoteTestNG.java:251)
	at org.testng.remote.RemoteTestNG.main(RemoteTestNG.java:77)
</pre></div><a href='#' onClick='toggleBox("stack-trace157168588", this, "Click to show all stack frames", "Click to hide stack frames")'>Click to show all stack frames</a>
<div class='stack-trace' id='stack-trace157168588'><pre>org.openqa.selenium.TimeoutException: Timed out after 50 seconds waiting for org.kony.qa.stargate.wrappers.appy.Driver$1@63611043
Build info: version: &apos;2.52.0&apos;, revision: &apos;4c2593cfc3689a7fcd7be52549167e5ccc93ad28&apos;, time: &apos;2016-02-11 11:22:43&apos;
System info: host: &apos;KH1902_temp&apos;, ip: &apos;10.10.34.157&apos;, os.name: &apos;Windows 10&apos;, os.arch: &apos;amd64&apos;, os.version: &apos;10.0&apos;, java.version: &apos;1.8.0_161&apos;
Driver info: driver.version: Driver
	at org.openqa.selenium.support.ui.FluentWait.timeoutException(FluentWait.java:292)
	at org.openqa.selenium.support.ui.FluentWait.until(FluentWait.java:261)
	at org.kony.qa.stargate.wrappers.appy.Driver.waitForLoad(Driver.java:513)
	at org.kony.qa.stargate.wrappers.appy.Driver.&lt;init&gt;(Driver.java:204)
	at org.kony.qa.stargate.wrappers.appy.Driver.init(Driver.java:242)
	at org.kony.qa.stargate.wrappers.appy.Driver.init(Driver.java:424)
	at test.common.AppBaseTest.startDriver(AppBaseTest.java:385)
	at test.common.AppBaseTest.beforeClass(AppBaseTest.java:119)
	at com.kony.adminConsole.AdminConsoleBaseTest.beforeClass(AdminConsoleBaseTest.java:36)
	at sun.reflect.NativeMethodAccessorImpl.invoke0(Native Method)
	at sun.reflect.NativeMethodAccessorImpl.invoke(Unknown Source)
	at sun.reflect.DelegatingMethodAccessorImpl.invoke(Unknown Source)
	at java.lang.reflect.Method.invoke(Unknown Source)
	at org.testng.internal.MethodInvocationHelper.invokeMethod(MethodInvocationHelper.java:100)
	at org.testng.internal.Invoker.invokeConfigurationMethod(Invoker.java:515)
	at org.testng.internal.Invoker.invokeConfigurations(Invoker.java:216)
	at org.testng.internal.Invoker.invokeConfigurations(Invoker.java:143)
	at org.testng.internal.TestMethodWorker.invokeBeforeClassMethods(TestMethodWorker.java:169)
	at org.testng.internal.TestMethodWorker.run(TestMethodWorker.java:108)
	at org.testng.TestRunner.privateRun(TestRunner.java:746)
	at org.testng.TestRunner.run(TestRunner.java:600)
	at org.testng.SuiteRunner.runTest(SuiteRunner.java:366)
	at org.testng.SuiteRunner.runSequentially(SuiteRunner.java:361)
	at org.testng.SuiteRunner.privateRun(SuiteRunner.java:319)
	at org.testng.SuiteRunner.run(SuiteRunner.java:268)
	at org.testng.SuiteRunnerWorker.runSuite(SuiteRunnerWorker.java:52)
	at org.testng.SuiteRunnerWorker.run(SuiteRunnerWorker.java:86)
	at org.testng.TestNG.runSuitesSequentially(TestNG.java:1264)
	at org.testng.TestNG.runSuitesLocally(TestNG.java:1189)
	at org.testng.TestNG.runSuites(TestNG.java:1104)
	at org.testng.TestNG.run(TestNG.java:1076)
	at org.testng.remote.AbstractRemoteTestNG.run(AbstractRemoteTestNG.java:114)
	at org.testng.remote.RemoteTestNG.initAndRun(RemoteTestNG.java:251)
	at org.testng.remote.RemoteTestNG.main(RemoteTestNG.java:77)
</pre></div></td>
<td>0</td>
<td>com.kony.adminConsole.tests.LoginModule@3bd94634</td></tr>
</table><p>
<table width='100%' border='1' class='invocation-skipped'>
<tr><td colspan='4' align='center'><b>SKIPPED CONFIGURATIONS</b></td></tr>
<tr><td><b>Test method</b></td>
<td width="30%"><b>Exception</b></td>
<td width="10%"><b>Time (seconds)</b></td>
<td><b>Instance</b></td>
</tr>
<tr>
<td title='com.kony.adminConsole.tests.LoginModule.setupBeforeTest()'><b>setupBeforeTest</b><br>Test class: com.kony.adminConsole.tests.LoginModule</td>
<td></td>
<td>0</td>
<td>com.kony.adminConsole.tests.LoginModule@3bd94634</td></tr>
<tr>
<td title='com.kony.adminConsole.tests.LoginModule.setupBeforeTest()'><b>setupBeforeTest</b><br>Test class: com.kony.adminConsole.tests.LoginModule</td>
<td></td>
<td>0</td>
<td>com.kony.adminConsole.tests.LoginModule@3bd94634</td></tr>
<tr>
<td title='com.kony.adminConsole.tests.LoginModule.setupBeforeTest()'><b>setupBeforeTest</b><br>Test class: com.kony.adminConsole.tests.LoginModule</td>
<td></td>
<td>0</td>
<td>com.kony.adminConsole.tests.LoginModule@3bd94634</td></tr>
<tr>
<td title='com.kony.adminConsole.tests.LoginModule.setupBeforeTest()'><b>setupBeforeTest</b><br>Test class: com.kony.adminConsole.tests.LoginModule</td>
<td></td>
<td>0</td>
<td>com.kony.adminConsole.tests.LoginModule@3bd94634</td></tr>
<tr>
<td title='com.kony.adminConsole.tests.LoginModule.setupBeforeTest()'><b>setupBeforeTest</b><br>Test class: com.kony.adminConsole.tests.LoginModule</td>
<td></td>
<td>0</td>
<td>com.kony.adminConsole.tests.LoginModule@3bd94634</td></tr>
<tr>
<td title='com.kony.adminConsole.tests.LoginModule.setupBeforeTest()'><b>setupBeforeTest</b><br>Test class: com.kony.adminConsole.tests.LoginModule</td>
<td></td>
<td>0</td>
<td>com.kony.adminConsole.tests.LoginModule@3bd94634</td></tr>
<tr>
<td title='com.kony.adminConsole.tests.LoginModule.setupBeforeTest()'><b>setupBeforeTest</b><br>Test class: com.kony.adminConsole.tests.LoginModule</td>
<td></td>
<td>0</td>
<td>com.kony.adminConsole.tests.LoginModule@3bd94634</td></tr>
<tr>
<td title='com.kony.adminConsole.tests.LoginModule.setupBeforeTest()'><b>setupBeforeTest</b><br>Test class: com.kony.adminConsole.tests.LoginModule</td>
<td></td>
<td>0</td>
<td>com.kony.adminConsole.tests.LoginModule@3bd94634</td></tr>
<tr>
<td title='com.kony.adminConsole.tests.LoginModule.setupBeforeTest()'><b>setupBeforeTest</b><br>Test class: com.kony.adminConsole.tests.LoginModule</td>
<td></td>
<td>0</td>
<td>com.kony.adminConsole.tests.LoginModule@3bd94634</td></tr>
<tr>
<td title='com.kony.adminConsole.tests.LoginModule.setupBeforeTest()'><b>setupBeforeTest</b><br>Test class: com.kony.adminConsole.tests.LoginModule</td>
<td></td>
<td>0</td>
<td>com.kony.adminConsole.tests.LoginModule@3bd94634</td></tr>
</table><p>
<table width='100%' border='1' class='invocation-skipped'>
<tr><td colspan='4' align='center'><b>SKIPPED TESTS</b></td></tr>
<tr><td><b>Test method</b></td>
<td width="30%"><b>Exception</b></td>
<td width="10%"><b>Time (seconds)</b></td>
<td><b>Instance</b></td>
</tr>
<tr>
<td title='com.kony.adminConsole.tests.LoginModule.LoginWithEmptyFields()'><b>LoginWithEmptyFields</b><br>Test class: com.kony.adminConsole.tests.LoginModule<br>Test method: Test case to login with empty fields</td>
<td></td>
<td>0</td>
<td>com.kony.adminConsole.tests.LoginModule@3bd94634</td></tr>
<tr>
<td title='com.kony.adminConsole.tests.LoginModule.LoginWithEmptyPwdField()'><b>LoginWithEmptyPwdField</b><br>Test class: com.kony.adminConsole.tests.LoginModule<br>Test method: Test case to login with empty pwd field</td>
<td></td>
<td>0</td>
<td>com.kony.adminConsole.tests.LoginModule@3bd94634</td></tr>
<tr>
<td title='com.kony.adminConsole.tests.LoginModule.LoginWithWrongPassword()'><b>LoginWithWrongPassword</b><br>Test class: com.kony.adminConsole.tests.LoginModule<br>Test method: Test case to login with wrong password</td>
<td></td>
<td>0</td>
<td>com.kony.adminConsole.tests.LoginModule@3bd94634</td></tr>
<tr>
<td title='com.kony.adminConsole.tests.LoginModule.login()'><b>login</b><br>Test class: com.kony.adminConsole.tests.LoginModule<br>Test method: Test case to login with correct credentials</td>
<td></td>
<td>0</td>
<td>com.kony.adminConsole.tests.LoginModule@3bd94634</td></tr>
<tr>
<td title='com.kony.adminConsole.tests.LoginModule.rememberMeDisabled()'><b>rememberMeDisabled</b><br>Test class: com.kony.adminConsole.tests.LoginModule<br>Test method: Test case to verify remember me</td>
<td></td>
<td>0</td>
<td>com.kony.adminConsole.tests.LoginModule@3bd94634</td></tr>
<tr>
<td title='com.kony.adminConsole.tests.LoginModule.rememberMeEnabled()'><b>rememberMeEnabled</b><br>Test class: com.kony.adminConsole.tests.LoginModule<br>Test method: Test case to verify remember me</td>
<td></td>
<td>0</td>
<td>com.kony.adminConsole.tests.LoginModule@3bd94634</td></tr>
<tr>
<td title='com.kony.adminConsole.tests.LoginModule.resetPasswordAfterLogin()'><b>resetPasswordAfterLogin</b><br>Test class: com.kony.adminConsole.tests.LoginModule<br>Test method: Test case to update password for a user</td>
<td></td>
<td>0</td>
<td>com.kony.adminConsole.tests.LoginModule@3bd94634</td></tr>
<tr>
<td title='com.kony.adminConsole.tests.LoginModule.resetPasswordForAExpiredUser()'><b>resetPasswordForAExpiredUser</b><br>Test class: com.kony.adminConsole.tests.LoginModule<br>Test method: Test case to update password for expired user</td>
<td></td>
<td>0</td>
<td>com.kony.adminConsole.tests.LoginModule@3bd94634</td></tr>
<tr>
<td title='com.kony.adminConsole.tests.LoginModule.sessionExpiry()'><b>sessionExpiry</b><br>Test class: com.kony.adminConsole.tests.LoginModule<br>Test method: Test case to verify session expiry</td>
<td></td>
<td>0</td>
<td>com.kony.adminConsole.tests.LoginModule@3bd94634</td></tr>
<tr>
<td title='com.kony.adminConsole.tests.LoginModule.suspendAUser()'><b>suspendAUser</b><br>Test class: com.kony.adminConsole.tests.LoginModule<br>Test method: Test case to suspend a user</td>
<td></td>
<td>0</td>
<td>com.kony.adminConsole.tests.LoginModule@3bd94634</td></tr>
</table><p>
</body>
</html>