<?xml version="1.0" encoding="UTF-8"?>
<testng-results skipped="10" failed="0" total="10" passed="0">
  <reporter-output>
    <line>
      <![CDATA[<br><br><br> AppsCommon Log File: <a href="..\..\test-output\Appscommon-Logs\LoginWithEmptyFields.log">LoginWithEmptyFields_AppsCommonLog</a>]]>
    </line>
    <line>
      <![CDATA[<br><br><br> AppsCommon Log File: <a href="..\..\test-output\Appscommon-Logs\LoginWithEmptyPwdField.log">LoginWithEmptyPwdField_AppsCommonLog</a>]]>
    </line>
    <line>
      <![CDATA[<br><br><br> AppsCommon Log File: <a href="..\..\test-output\Appscommon-Logs\LoginWithWrongPassword.log">LoginWithWrongPassword_AppsCommonLog</a>]]>
    </line>
    <line>
      <![CDATA[<br><br><br> AppsCommon Log File: <a href="..\..\test-output\Appscommon-Logs\login.log">login_AppsCommonLog</a>]]>
    </line>
    <line>
      <![CDATA[<br><br><br> AppsCommon Log File: <a href="..\..\test-output\Appscommon-Logs\rememberMeDisabled.log">rememberMeDisabled_AppsCommonLog</a>]]>
    </line>
    <line>
      <![CDATA[<br><br><br> AppsCommon Log File: <a href="..\..\test-output\Appscommon-Logs\rememberMeEnabled.log">rememberMeEnabled_AppsCommonLog</a>]]>
    </line>
    <line>
      <![CDATA[<br><br><br> AppsCommon Log File: <a href="..\..\test-output\Appscommon-Logs\resetPasswordAfterLogin.log">resetPasswordAfterLogin_AppsCommonLog</a>]]>
    </line>
    <line>
      <![CDATA[<br><br><br> AppsCommon Log File: <a href="..\..\test-output\Appscommon-Logs\resetPasswordForAExpiredUser.log">resetPasswordForAExpiredUser_AppsCommonLog</a>]]>
    </line>
    <line>
      <![CDATA[<br><br><br> AppsCommon Log File: <a href="..\..\test-output\Appscommon-Logs\sessionExpiry.log">sessionExpiry_AppsCommonLog</a>]]>
    </line>
    <line>
      <![CDATA[<br><br><br> AppsCommon Log File: <a href="..\..\test-output\Appscommon-Logs\suspendAUser.log">suspendAUser_AppsCommonLog</a>]]>
    </line>
  </reporter-output>
  <suite name="Default suite" duration-ms="309843" started-at="2018-05-03T10:32:45Z" finished-at="2018-05-03T10:37:55Z">
    <groups>
    </groups>
    <test name="Default test" duration-ms="309843" started-at="2018-05-03T10:32:45Z" finished-at="2018-05-03T10:37:55Z">
      <class name="com.kony.adminConsole.tests.LoginModule">
        <test-method status="PASS" signature="beforeSuite()[pri:0, instance:com.kony.adminConsole.tests.LoginModule@3bd94634]" name="beforeSuite" is-config="true" duration-ms="33681" started-at="2018-05-03T16:02:12Z" finished-at="2018-05-03T16:02:45Z">
          <reporter-output>
          </reporter-output>
        </test-method> <!-- beforeSuite -->
        <test-method status="FAIL" signature="beforeClass()[pri:0, instance:com.kony.adminConsole.tests.LoginModule@3bd94634]" name="beforeClass" is-config="true" duration-ms="0" started-at="2018-05-03T16:02:45Z" finished-at="2018-05-03T16:02:45Z">
          <exception class="org.openqa.selenium.TimeoutException">
            <message>
              <![CDATA[Timed out after 50 seconds waiting for org.kony.qa.stargate.wrappers.appy.Driver$1@63611043
Build info: version: '2.52.0', revision: '4c2593cfc3689a7fcd7be52549167e5ccc93ad28', time: '2016-02-11 11:22:43'
System info: host: 'KH1902_temp', ip: '10.10.34.157', os.name: 'Windows 10', os.arch: 'amd64', os.version: '10.0', java.version: '1.8.0_161'
Driver info: driver.version: Driver]]>
            </message>
            <full-stacktrace>
              <![CDATA[org.openqa.selenium.TimeoutException: Timed out after 50 seconds waiting for org.kony.qa.stargate.wrappers.appy.Driver$1@63611043
Build info: version: '2.52.0', revision: '4c2593cfc3689a7fcd7be52549167e5ccc93ad28', time: '2016-02-11 11:22:43'
System info: host: 'KH1902_temp', ip: '10.10.34.157', os.name: 'Windows 10', os.arch: 'amd64', os.version: '10.0', java.version: '1.8.0_161'
Driver info: driver.version: Driver
	at org.openqa.selenium.support.ui.FluentWait.timeoutException(FluentWait.java:292)
	at org.openqa.selenium.support.ui.FluentWait.until(FluentWait.java:261)
	at org.kony.qa.stargate.wrappers.appy.Driver.waitForLoad(Driver.java:513)
	at org.kony.qa.stargate.wrappers.appy.Driver.<init>(Driver.java:204)
	at org.kony.qa.stargate.wrappers.appy.Driver.init(Driver.java:242)
	at org.kony.qa.stargate.wrappers.appy.Driver.init(Driver.java:424)
	at test.common.AppBaseTest.startDriver(AppBaseTest.java:385)
	at test.common.AppBaseTest.beforeClass(AppBaseTest.java:119)
	at com.kony.adminConsole.AdminConsoleBaseTest.beforeClass(AdminConsoleBaseTest.java:36)
	at sun.reflect.NativeMethodAccessorImpl.invoke0(Native Method)
	at sun.reflect.NativeMethodAccessorImpl.invoke(Unknown Source)
	at sun.reflect.DelegatingMethodAccessorImpl.invoke(Unknown Source)
	at java.lang.reflect.Method.invoke(Unknown Source)
	at org.testng.internal.MethodInvocationHelper.invokeMethod(MethodInvocationHelper.java:100)
	at org.testng.internal.Invoker.invokeConfigurationMethod(Invoker.java:515)
	at org.testng.internal.Invoker.invokeConfigurations(Invoker.java:216)
	at org.testng.internal.Invoker.invokeConfigurations(Invoker.java:143)
	at org.testng.internal.TestMethodWorker.invokeBeforeClassMethods(TestMethodWorker.java:169)
	at org.testng.internal.TestMethodWorker.run(TestMethodWorker.java:108)
	at org.testng.TestRunner.privateRun(TestRunner.java:746)
	at org.testng.TestRunner.run(TestRunner.java:600)
	at org.testng.SuiteRunner.runTest(SuiteRunner.java:366)
	at org.testng.SuiteRunner.runSequentially(SuiteRunner.java:361)
	at org.testng.SuiteRunner.privateRun(SuiteRunner.java:319)
	at org.testng.SuiteRunner.run(SuiteRunner.java:268)
	at org.testng.SuiteRunnerWorker.runSuite(SuiteRunnerWorker.java:52)
	at org.testng.SuiteRunnerWorker.run(SuiteRunnerWorker.java:86)
	at org.testng.TestNG.runSuitesSequentially(TestNG.java:1264)
	at org.testng.TestNG.runSuitesLocally(TestNG.java:1189)
	at org.testng.TestNG.runSuites(TestNG.java:1104)
	at org.testng.TestNG.run(TestNG.java:1076)
	at org.testng.remote.AbstractRemoteTestNG.run(AbstractRemoteTestNG.java:114)
	at org.testng.remote.RemoteTestNG.initAndRun(RemoteTestNG.java:251)
	at org.testng.remote.RemoteTestNG.main(RemoteTestNG.java:77)
]]>
            </full-stacktrace>
          </exception> <!-- org.openqa.selenium.TimeoutException -->
          <reporter-output>
          </reporter-output>
        </test-method> <!-- beforeClass -->
        <test-method status="PASS" signature="beforeMethod([Ljava.lang.Object;, java.lang.reflect.Method)[pri:0, instance:com.kony.adminConsole.tests.LoginModule@3bd94634]" name="beforeMethod" is-config="true" duration-ms="49" started-at="2018-05-03T16:07:46Z" finished-at="2018-05-03T16:07:46Z">
          <params>
            <param index="0">
              <value>
                <![CDATA[[Ljava.lang.Object;@6b88ca8c]]>
              </value>
            </param>
            <param index="1">
              <value>
                <![CDATA[public void com.kony.adminConsole.tests.LoginModule.LoginWithEmptyFields() throws java.lang.Exception]]>
              </value>
            </param>
          </params>
          <reporter-output>
          </reporter-output>
        </test-method> <!-- beforeMethod -->
        <test-method status="SKIP" signature="setupBeforeTest()[pri:0, instance:com.kony.adminConsole.tests.LoginModule@3bd94634]" name="setupBeforeTest" is-config="true" duration-ms="0" started-at="2018-05-03T16:07:46Z" finished-at="2018-05-03T16:07:46Z">
          <reporter-output>
          </reporter-output>
        </test-method> <!-- setupBeforeTest -->
        <test-method status="PASS" signature="afterMethod(org.testng.ITestResult)[pri:0, instance:com.kony.adminConsole.tests.LoginModule@3bd94634]" name="afterMethod" is-config="true" duration-ms="16" started-at="2018-05-03T16:07:46Z" finished-at="2018-05-03T16:07:46Z">
          <params>
            <param index="0">
              <value>
                <![CDATA[[TestResult name=LoginWithEmptyFields status=SKIP method=LoginModule.LoginWithEmptyFields()[pri:0, instance:com.kony.adminConsole.tests.LoginModule@3bd94634] output={null}]]]>
              </value>
            </param>
          </params>
          <reporter-output>
            <line>
              <![CDATA[<br><br><br> AppsCommon Log File: <a href="..\..\test-output\Appscommon-Logs\LoginWithEmptyFields.log">LoginWithEmptyFields_AppsCommonLog</a>]]>
            </line>
          </reporter-output>
        </test-method> <!-- afterMethod -->
        <test-method status="SKIP" signature="LoginWithEmptyFields()[pri:0, instance:com.kony.adminConsole.tests.LoginModule@3bd94634]" name="LoginWithEmptyFields" duration-ms="0" started-at="2018-05-03T16:07:46Z" description="Test case to login with empty fields" finished-at="2018-05-03T16:07:46Z">
          <reporter-output>
          </reporter-output>
        </test-method> <!-- LoginWithEmptyFields -->
        <test-method status="PASS" signature="beforeMethod([Ljava.lang.Object;, java.lang.reflect.Method)[pri:0, instance:com.kony.adminConsole.tests.LoginModule@3bd94634]" name="beforeMethod" is-config="true" duration-ms="16" started-at="2018-05-03T16:07:46Z" finished-at="2018-05-03T16:07:46Z">
          <params>
            <param index="0">
              <value>
                <![CDATA[[Ljava.lang.Object;@336f1079]]>
              </value>
            </param>
            <param index="1">
              <value>
                <![CDATA[public void com.kony.adminConsole.tests.LoginModule.LoginWithEmptyPwdField() throws java.lang.Exception]]>
              </value>
            </param>
          </params>
          <reporter-output>
          </reporter-output>
        </test-method> <!-- beforeMethod -->
        <test-method status="PASS" signature="beforeMethod([Ljava.lang.Object;, java.lang.reflect.Method)[pri:0, instance:com.kony.adminConsole.tests.LoginModule@3bd94634]" name="beforeMethod" is-config="true" duration-ms="0" started-at="2018-05-03T16:07:46Z" finished-at="2018-05-03T16:07:46Z">
          <params>
            <param index="0">
              <value>
                <![CDATA[[Ljava.lang.Object;@2f16c6b3]]>
              </value>
            </param>
            <param index="1">
              <value>
                <![CDATA[public void com.kony.adminConsole.tests.LoginModule.LoginWithWrongPassword() throws java.lang.Exception]]>
              </value>
            </param>
          </params>
          <reporter-output>
          </reporter-output>
        </test-method> <!-- beforeMethod -->
        <test-method status="SKIP" signature="setupBeforeTest()[pri:0, instance:com.kony.adminConsole.tests.LoginModule@3bd94634]" name="setupBeforeTest" is-config="true" duration-ms="0" started-at="2018-05-03T16:07:46Z" finished-at="2018-05-03T16:07:46Z">
          <reporter-output>
          </reporter-output>
        </test-method> <!-- setupBeforeTest -->
        <test-method status="PASS" signature="afterMethod(org.testng.ITestResult)[pri:0, instance:com.kony.adminConsole.tests.LoginModule@3bd94634]" name="afterMethod" is-config="true" duration-ms="0" started-at="2018-05-03T16:07:46Z" finished-at="2018-05-03T16:07:46Z">
          <params>
            <param index="0">
              <value>
                <![CDATA[[TestResult name=LoginWithEmptyPwdField status=SKIP method=LoginModule.LoginWithEmptyPwdField()[pri:0, instance:com.kony.adminConsole.tests.LoginModule@3bd94634] output={null}]]]>
              </value>
            </param>
          </params>
          <reporter-output>
            <line>
              <![CDATA[<br><br><br> AppsCommon Log File: <a href="..\..\test-output\Appscommon-Logs\LoginWithEmptyPwdField.log">LoginWithEmptyPwdField_AppsCommonLog</a>]]>
            </line>
          </reporter-output>
        </test-method> <!-- afterMethod -->
        <test-method status="SKIP" signature="setupBeforeTest()[pri:0, instance:com.kony.adminConsole.tests.LoginModule@3bd94634]" name="setupBeforeTest" is-config="true" duration-ms="0" started-at="2018-05-03T16:07:46Z" finished-at="2018-05-03T16:07:46Z">
          <reporter-output>
          </reporter-output>
        </test-method> <!-- setupBeforeTest -->
        <test-method status="SKIP" signature="LoginWithWrongPassword()[pri:0, instance:com.kony.adminConsole.tests.LoginModule@3bd94634]" name="LoginWithWrongPassword" duration-ms="15" started-at="2018-05-03T16:07:46Z" description="Test case to login with wrong password" finished-at="2018-05-03T16:07:46Z">
          <reporter-output>
          </reporter-output>
        </test-method> <!-- LoginWithWrongPassword -->
        <test-method status="SKIP" signature="LoginWithEmptyPwdField()[pri:0, instance:com.kony.adminConsole.tests.LoginModule@3bd94634]" name="LoginWithEmptyPwdField" duration-ms="0" started-at="2018-05-03T16:07:46Z" description="Test case to login with empty pwd field" finished-at="2018-05-03T16:07:46Z">
          <reporter-output>
          </reporter-output>
        </test-method> <!-- LoginWithEmptyPwdField -->
        <test-method status="PASS" signature="afterMethod(org.testng.ITestResult)[pri:0, instance:com.kony.adminConsole.tests.LoginModule@3bd94634]" name="afterMethod" is-config="true" duration-ms="16" started-at="2018-05-03T16:07:46Z" finished-at="2018-05-03T16:07:46Z">
          <params>
            <param index="0">
              <value>
                <![CDATA[[TestResult name=LoginWithWrongPassword status=SKIP method=LoginModule.LoginWithWrongPassword()[pri:0, instance:com.kony.adminConsole.tests.LoginModule@3bd94634] output={null}]]]>
              </value>
            </param>
          </params>
          <reporter-output>
            <line>
              <![CDATA[<br><br><br> AppsCommon Log File: <a href="..\..\test-output\Appscommon-Logs\LoginWithWrongPassword.log">LoginWithWrongPassword_AppsCommonLog</a>]]>
            </line>
          </reporter-output>
        </test-method> <!-- afterMethod -->
        <test-method status="SKIP" signature="setupBeforeTest()[pri:0, instance:com.kony.adminConsole.tests.LoginModule@3bd94634]" name="setupBeforeTest" is-config="true" duration-ms="0" started-at="2018-05-03T16:07:46Z" finished-at="2018-05-03T16:07:46Z">
          <reporter-output>
          </reporter-output>
        </test-method> <!-- setupBeforeTest -->
        <test-method status="PASS" signature="beforeMethod([Ljava.lang.Object;, java.lang.reflect.Method)[pri:0, instance:com.kony.adminConsole.tests.LoginModule@3bd94634]" name="beforeMethod" is-config="true" duration-ms="0" started-at="2018-05-03T16:07:46Z" finished-at="2018-05-03T16:07:46Z">
          <params>
            <param index="0">
              <value>
                <![CDATA[[Ljava.lang.Object;@34158c08]]>
              </value>
            </param>
            <param index="1">
              <value>
                <![CDATA[public void com.kony.adminConsole.tests.LoginModule.login() throws java.lang.Exception]]>
              </value>
            </param>
          </params>
          <reporter-output>
          </reporter-output>
        </test-method> <!-- beforeMethod -->
        <test-method status="SKIP" signature="login()[pri:0, instance:com.kony.adminConsole.tests.LoginModule@3bd94634]" name="login" duration-ms="0" started-at="2018-05-03T16:07:46Z" description="Test case to login with correct credentials" finished-at="2018-05-03T16:07:46Z">
          <reporter-output>
          </reporter-output>
        </test-method> <!-- login -->
        <test-method status="PASS" signature="afterMethod(org.testng.ITestResult)[pri:0, instance:com.kony.adminConsole.tests.LoginModule@3bd94634]" name="afterMethod" is-config="true" duration-ms="0" started-at="2018-05-03T16:07:46Z" finished-at="2018-05-03T16:07:46Z">
          <params>
            <param index="0">
              <value>
                <![CDATA[[TestResult name=login status=SKIP method=LoginModule.login()[pri:0, instance:com.kony.adminConsole.tests.LoginModule@3bd94634] output={null}]]]>
              </value>
            </param>
          </params>
          <reporter-output>
            <line>
              <![CDATA[<br><br><br> AppsCommon Log File: <a href="..\..\test-output\Appscommon-Logs\login.log">login_AppsCommonLog</a>]]>
            </line>
          </reporter-output>
        </test-method> <!-- afterMethod -->
        <test-method status="PASS" signature="beforeMethod([Ljava.lang.Object;, java.lang.reflect.Method)[pri:0, instance:com.kony.adminConsole.tests.LoginModule@3bd94634]" name="beforeMethod" is-config="true" duration-ms="0" started-at="2018-05-03T16:07:46Z" finished-at="2018-05-03T16:07:46Z">
          <params>
            <param index="0">
              <value>
                <![CDATA[[Ljava.lang.Object;@19e4fcac]]>
              </value>
            </param>
            <param index="1">
              <value>
                <![CDATA[public void com.kony.adminConsole.tests.LoginModule.rememberMeDisabled() throws java.lang.Exception]]>
              </value>
            </param>
          </params>
          <reporter-output>
          </reporter-output>
        </test-method> <!-- beforeMethod -->
        <test-method status="SKIP" signature="setupBeforeTest()[pri:0, instance:com.kony.adminConsole.tests.LoginModule@3bd94634]" name="setupBeforeTest" is-config="true" duration-ms="0" started-at="2018-05-03T16:07:46Z" finished-at="2018-05-03T16:07:46Z">
          <reporter-output>
          </reporter-output>
        </test-method> <!-- setupBeforeTest -->
        <test-method status="PASS" signature="afterMethod(org.testng.ITestResult)[pri:0, instance:com.kony.adminConsole.tests.LoginModule@3bd94634]" name="afterMethod" is-config="true" duration-ms="0" started-at="2018-05-03T16:07:46Z" finished-at="2018-05-03T16:07:46Z">
          <params>
            <param index="0">
              <value>
                <![CDATA[[TestResult name=rememberMeDisabled status=SKIP method=LoginModule.rememberMeDisabled()[pri:0, instance:com.kony.adminConsole.tests.LoginModule@3bd94634] output={null}]]]>
              </value>
            </param>
          </params>
          <reporter-output>
            <line>
              <![CDATA[<br><br><br> AppsCommon Log File: <a href="..\..\test-output\Appscommon-Logs\rememberMeDisabled.log">rememberMeDisabled_AppsCommonLog</a>]]>
            </line>
          </reporter-output>
        </test-method> <!-- afterMethod -->
        <test-method status="SKIP" signature="rememberMeEnabled()[pri:0, instance:com.kony.adminConsole.tests.LoginModule@3bd94634]" name="rememberMeEnabled" duration-ms="0" started-at="2018-05-03T16:07:46Z" description="Test case to verify remember me" finished-at="2018-05-03T16:07:46Z">
          <reporter-output>
          </reporter-output>
        </test-method> <!-- rememberMeEnabled -->
        <test-method status="SKIP" signature="rememberMeDisabled()[pri:0, instance:com.kony.adminConsole.tests.LoginModule@3bd94634]" name="rememberMeDisabled" duration-ms="0" started-at="2018-05-03T16:07:46Z" description="Test case to verify remember me" finished-at="2018-05-03T16:07:46Z">
          <reporter-output>
          </reporter-output>
        </test-method> <!-- rememberMeDisabled -->
        <test-method status="PASS" signature="afterMethod(org.testng.ITestResult)[pri:0, instance:com.kony.adminConsole.tests.LoginModule@3bd94634]" name="afterMethod" is-config="true" duration-ms="16" started-at="2018-05-03T16:07:46Z" finished-at="2018-05-03T16:07:46Z">
          <params>
            <param index="0">
              <value>
                <![CDATA[[TestResult name=rememberMeEnabled status=SKIP method=LoginModule.rememberMeEnabled()[pri:0, instance:com.kony.adminConsole.tests.LoginModule@3bd94634] output={null}]]]>
              </value>
            </param>
          </params>
          <reporter-output>
            <line>
              <![CDATA[<br><br><br> AppsCommon Log File: <a href="..\..\test-output\Appscommon-Logs\rememberMeEnabled.log">rememberMeEnabled_AppsCommonLog</a>]]>
            </line>
          </reporter-output>
        </test-method> <!-- afterMethod -->
        <test-method status="PASS" signature="beforeMethod([Ljava.lang.Object;, java.lang.reflect.Method)[pri:0, instance:com.kony.adminConsole.tests.LoginModule@3bd94634]" name="beforeMethod" is-config="true" duration-ms="0" started-at="2018-05-03T16:07:46Z" finished-at="2018-05-03T16:07:46Z">
          <params>
            <param index="0">
              <value>
                <![CDATA[[Ljava.lang.Object;@52c3cb31]]>
              </value>
            </param>
            <param index="1">
              <value>
                <![CDATA[public void com.kony.adminConsole.tests.LoginModule.rememberMeEnabled() throws java.lang.Exception]]>
              </value>
            </param>
          </params>
          <reporter-output>
          </reporter-output>
        </test-method> <!-- beforeMethod -->
        <test-method status="SKIP" signature="setupBeforeTest()[pri:0, instance:com.kony.adminConsole.tests.LoginModule@3bd94634]" name="setupBeforeTest" is-config="true" duration-ms="0" started-at="2018-05-03T16:07:46Z" finished-at="2018-05-03T16:07:46Z">
          <reporter-output>
          </reporter-output>
        </test-method> <!-- setupBeforeTest -->
        <test-method status="SKIP" signature="setupBeforeTest()[pri:0, instance:com.kony.adminConsole.tests.LoginModule@3bd94634]" name="setupBeforeTest" is-config="true" duration-ms="0" started-at="2018-05-03T16:07:46Z" finished-at="2018-05-03T16:07:46Z">
          <reporter-output>
          </reporter-output>
        </test-method> <!-- setupBeforeTest -->
        <test-method status="SKIP" signature="resetPasswordAfterLogin()[pri:0, instance:com.kony.adminConsole.tests.LoginModule@3bd94634]" name="resetPasswordAfterLogin" duration-ms="0" started-at="2018-05-03T16:07:46Z" description="Test case to update password for a user" finished-at="2018-05-03T16:07:46Z">
          <reporter-output>
          </reporter-output>
        </test-method> <!-- resetPasswordAfterLogin -->
        <test-method status="PASS" signature="beforeMethod([Ljava.lang.Object;, java.lang.reflect.Method)[pri:0, instance:com.kony.adminConsole.tests.LoginModule@3bd94634]" name="beforeMethod" is-config="true" duration-ms="0" started-at="2018-05-03T16:07:46Z" finished-at="2018-05-03T16:07:46Z">
          <params>
            <param index="0">
              <value>
                <![CDATA[[Ljava.lang.Object;@4b79ac84]]>
              </value>
            </param>
            <param index="1">
              <value>
                <![CDATA[public void com.kony.adminConsole.tests.LoginModule.resetPasswordAfterLogin() throws java.lang.Exception]]>
              </value>
            </param>
          </params>
          <reporter-output>
          </reporter-output>
        </test-method> <!-- beforeMethod -->
        <test-method status="PASS" signature="afterMethod(org.testng.ITestResult)[pri:0, instance:com.kony.adminConsole.tests.LoginModule@3bd94634]" name="afterMethod" is-config="true" duration-ms="9294" started-at="2018-05-03T16:07:46Z" finished-at="2018-05-03T16:07:55Z">
          <params>
            <param index="0">
              <value>
                <![CDATA[[TestResult name=resetPasswordAfterLogin status=SKIP method=LoginModule.resetPasswordAfterLogin()[pri:0, instance:com.kony.adminConsole.tests.LoginModule@3bd94634] output={null}]]]>
              </value>
            </param>
          </params>
          <reporter-output>
            <line>
              <![CDATA[<br><br><br> AppsCommon Log File: <a href="..\..\test-output\Appscommon-Logs\resetPasswordAfterLogin.log">resetPasswordAfterLogin_AppsCommonLog</a>]]>
            </line>
          </reporter-output>
        </test-method> <!-- afterMethod -->
        <test-method status="PASS" signature="beforeMethod([Ljava.lang.Object;, java.lang.reflect.Method)[pri:0, instance:com.kony.adminConsole.tests.LoginModule@3bd94634]" name="beforeMethod" is-config="true" duration-ms="16" started-at="2018-05-03T16:07:55Z" finished-at="2018-05-03T16:07:55Z">
          <params>
            <param index="0">
              <value>
                <![CDATA[[Ljava.lang.Object;@53941c2f]]>
              </value>
            </param>
            <param index="1">
              <value>
                <![CDATA[public void com.kony.adminConsole.tests.LoginModule.resetPasswordForAExpiredUser() throws java.lang.Exception]]>
              </value>
            </param>
          </params>
          <reporter-output>
          </reporter-output>
        </test-method> <!-- beforeMethod -->
        <test-method status="SKIP" signature="setupBeforeTest()[pri:0, instance:com.kony.adminConsole.tests.LoginModule@3bd94634]" name="setupBeforeTest" is-config="true" duration-ms="0" started-at="2018-05-03T16:07:55Z" finished-at="2018-05-03T16:07:55Z">
          <reporter-output>
          </reporter-output>
        </test-method> <!-- setupBeforeTest -->
        <test-method status="PASS" signature="afterMethod(org.testng.ITestResult)[pri:0, instance:com.kony.adminConsole.tests.LoginModule@3bd94634]" name="afterMethod" is-config="true" duration-ms="15" started-at="2018-05-03T16:07:55Z" finished-at="2018-05-03T16:07:55Z">
          <params>
            <param index="0">
              <value>
                <![CDATA[[TestResult name=resetPasswordForAExpiredUser status=SKIP method=LoginModule.resetPasswordForAExpiredUser()[pri:0, instance:com.kony.adminConsole.tests.LoginModule@3bd94634] output={null}]]]>
              </value>
            </param>
          </params>
          <reporter-output>
            <line>
              <![CDATA[<br><br><br> AppsCommon Log File: <a href="..\..\test-output\Appscommon-Logs\resetPasswordForAExpiredUser.log">resetPasswordForAExpiredUser_AppsCommonLog</a>]]>
            </line>
          </reporter-output>
        </test-method> <!-- afterMethod -->
        <test-method status="SKIP" signature="resetPasswordForAExpiredUser()[pri:0, instance:com.kony.adminConsole.tests.LoginModule@3bd94634]" name="resetPasswordForAExpiredUser" duration-ms="0" started-at="2018-05-03T16:07:55Z" description="Test case to update password for expired user" finished-at="2018-05-03T16:07:55Z">
          <reporter-output>
          </reporter-output>
        </test-method> <!-- resetPasswordForAExpiredUser -->
        <test-method status="SKIP" signature="sessionExpiry()[pri:0, instance:com.kony.adminConsole.tests.LoginModule@3bd94634]" name="sessionExpiry" duration-ms="0" started-at="2018-05-03T16:07:55Z" description="Test case to verify session expiry" finished-at="2018-05-03T16:07:55Z">
          <reporter-output>
          </reporter-output>
        </test-method> <!-- sessionExpiry -->
        <test-method status="PASS" signature="afterMethod(org.testng.ITestResult)[pri:0, instance:com.kony.adminConsole.tests.LoginModule@3bd94634]" name="afterMethod" is-config="true" duration-ms="0" started-at="2018-05-03T16:07:55Z" finished-at="2018-05-03T16:07:55Z">
          <params>
            <param index="0">
              <value>
                <![CDATA[[TestResult name=sessionExpiry status=SKIP method=LoginModule.sessionExpiry()[pri:0, instance:com.kony.adminConsole.tests.LoginModule@3bd94634] output={null}]]]>
              </value>
            </param>
          </params>
          <reporter-output>
            <line>
              <![CDATA[<br><br><br> AppsCommon Log File: <a href="..\..\test-output\Appscommon-Logs\sessionExpiry.log">sessionExpiry_AppsCommonLog</a>]]>
            </line>
          </reporter-output>
        </test-method> <!-- afterMethod -->
        <test-method status="SKIP" signature="setupBeforeTest()[pri:0, instance:com.kony.adminConsole.tests.LoginModule@3bd94634]" name="setupBeforeTest" is-config="true" duration-ms="0" started-at="2018-05-03T16:07:55Z" finished-at="2018-05-03T16:07:55Z">
          <reporter-output>
          </reporter-output>
        </test-method> <!-- setupBeforeTest -->
        <test-method status="PASS" signature="beforeMethod([Ljava.lang.Object;, java.lang.reflect.Method)[pri:0, instance:com.kony.adminConsole.tests.LoginModule@3bd94634]" name="beforeMethod" is-config="true" duration-ms="0" started-at="2018-05-03T16:07:55Z" finished-at="2018-05-03T16:07:55Z">
          <params>
            <param index="0">
              <value>
                <![CDATA[[Ljava.lang.Object;@6dab9b6d]]>
              </value>
            </param>
            <param index="1">
              <value>
                <![CDATA[public void com.kony.adminConsole.tests.LoginModule.sessionExpiry() throws java.lang.Exception]]>
              </value>
            </param>
          </params>
          <reporter-output>
          </reporter-output>
        </test-method> <!-- beforeMethod -->
        <test-method status="SKIP" signature="setupBeforeTest()[pri:0, instance:com.kony.adminConsole.tests.LoginModule@3bd94634]" name="setupBeforeTest" is-config="true" duration-ms="0" started-at="2018-05-03T16:07:55Z" finished-at="2018-05-03T16:07:55Z">
          <reporter-output>
          </reporter-output>
        </test-method> <!-- setupBeforeTest -->
        <test-method status="PASS" signature="beforeMethod([Ljava.lang.Object;, java.lang.reflect.Method)[pri:0, instance:com.kony.adminConsole.tests.LoginModule@3bd94634]" name="beforeMethod" is-config="true" duration-ms="0" started-at="2018-05-03T16:07:55Z" finished-at="2018-05-03T16:07:55Z">
          <params>
            <param index="0">
              <value>
                <![CDATA[[Ljava.lang.Object;@21fd5faa]]>
              </value>
            </param>
            <param index="1">
              <value>
                <![CDATA[public void com.kony.adminConsole.tests.LoginModule.suspendAUser() throws java.lang.Exception]]>
              </value>
            </param>
          </params>
          <reporter-output>
          </reporter-output>
        </test-method> <!-- beforeMethod -->
        <test-method status="SKIP" signature="suspendAUser()[pri:0, instance:com.kony.adminConsole.tests.LoginModule@3bd94634]" name="suspendAUser" duration-ms="0" started-at="2018-05-03T16:07:55Z" description="Test case to suspend a user" finished-at="2018-05-03T16:07:55Z">
          <reporter-output>
          </reporter-output>
        </test-method> <!-- suspendAUser -->
        <test-method status="PASS" signature="afterMethod(org.testng.ITestResult)[pri:0, instance:com.kony.adminConsole.tests.LoginModule@3bd94634]" name="afterMethod" is-config="true" duration-ms="0" started-at="2018-05-03T16:07:55Z" finished-at="2018-05-03T16:07:55Z">
          <params>
            <param index="0">
              <value>
                <![CDATA[[TestResult name=suspendAUser status=SKIP method=LoginModule.suspendAUser()[pri:0, instance:com.kony.adminConsole.tests.LoginModule@3bd94634] output={null}]]]>
              </value>
            </param>
          </params>
          <reporter-output>
            <line>
              <![CDATA[<br><br><br> AppsCommon Log File: <a href="..\..\test-output\Appscommon-Logs\suspendAUser.log">suspendAUser_AppsCommonLog</a>]]>
            </line>
          </reporter-output>
        </test-method> <!-- afterMethod -->
        <test-method status="FAIL" signature="afterSuite()[pri:0, instance:com.kony.adminConsole.tests.LoginModule@3bd94634]" name="afterSuite" is-config="true" duration-ms="0" started-at="2018-05-03T16:07:55Z" finished-at="2018-05-03T16:07:55Z">
          <exception class="java.lang.Exception">
            <message>
              <![CDATA[Driver.getInstance() is called before calling Driver.init()]]>
            </message>
            <full-stacktrace>
              <![CDATA[java.lang.Exception: Driver.getInstance() is called before calling Driver.init()
	at org.kony.qa.stargate.wrappers.appy.StargateException.<init>(StargateException.java:13)
	at org.kony.qa.stargate.wrappers.appy.Driver.getInstance(Driver.java:300)
	at org.kony.qa.stargate.wrappers.appy.Driver.getInstance(Driver.java:281)
	at test.common.AppBaseTest.afterSuite(AppBaseTest.java:327)
	at sun.reflect.NativeMethodAccessorImpl.invoke0(Native Method)
	at sun.reflect.NativeMethodAccessorImpl.invoke(Unknown Source)
	at sun.reflect.DelegatingMethodAccessorImpl.invoke(Unknown Source)
	at java.lang.reflect.Method.invoke(Unknown Source)
	at org.testng.internal.MethodInvocationHelper.invokeMethod(MethodInvocationHelper.java:100)
	at org.testng.internal.Invoker.invokeConfigurationMethod(Invoker.java:515)
	at org.testng.internal.Invoker.invokeConfigurations(Invoker.java:216)
	at org.testng.internal.Invoker.invokeConfigurations(Invoker.java:143)
	at org.testng.SuiteRunner.privateRun(SuiteRunner.java:336)
	at org.testng.SuiteRunner.run(SuiteRunner.java:268)
	at org.testng.SuiteRunnerWorker.runSuite(SuiteRunnerWorker.java:52)
	at org.testng.SuiteRunnerWorker.run(SuiteRunnerWorker.java:86)
	at org.testng.TestNG.runSuitesSequentially(TestNG.java:1264)
	at org.testng.TestNG.runSuitesLocally(TestNG.java:1189)
	at org.testng.TestNG.runSuites(TestNG.java:1104)
	at org.testng.TestNG.run(TestNG.java:1076)
	at org.testng.remote.AbstractRemoteTestNG.run(AbstractRemoteTestNG.java:114)
	at org.testng.remote.RemoteTestNG.initAndRun(RemoteTestNG.java:251)
	at org.testng.remote.RemoteTestNG.main(RemoteTestNG.java:77)
]]>
            </full-stacktrace>
          </exception> <!-- java.lang.Exception -->
          <reporter-output>
          </reporter-output>
        </test-method> <!-- afterSuite -->
      </class> <!-- com.kony.adminConsole.tests.LoginModule -->
    </test> <!-- Default test -->
  </suite> <!-- Default suite -->
</testng-results>
